<?xml version="1.0" encoding="UTF-8"?>
<!-- Generated by org.testng.reporters.JUnitReportReporter -->
<testsuite name="com.opencellsoft.testng.tests.marketingmanager.TestAdminLoginKC" tests="1" time="6.778" ignored="0" failures="0" timestamp="30 mai 2018 17:30:13 GMT" skipped="0" hostname="MIFTAH" errors="0">
  <testcase name="login" time="6.778" classname="com.opencellsoft.testng.tests.marketingmanager.TestAdminLoginKC"/>
</testsuite> <!-- com.opencellsoft.testng.tests.marketingmanager.TestAdminLoginKC -->
