<?xml version="1.0" encoding="UTF-8"?>
<!-- Generated by org.testng.reporters.JUnitReportReporter -->
<testsuite name="com.opencellsoft.testng.tests.marketingmanager.TestPayment" tests="1" time="77.006" ignored="0" failures="0" timestamp="30 mai 2018 14:07:15 GMT" skipped="0" hostname="MIFTAH" errors="0">
  <testcase name="testPaymentPage" time="77.006" classname="com.opencellsoft.testng.tests.marketingmanager.TestPayment"/>
</testsuite> <!-- com.opencellsoft.testng.tests.marketingmanager.TestPayment -->
