<?xml version="1.0" encoding="UTF-8"?>
<!-- Generated by org.testng.reporters.JUnitReportReporter -->
<testsuite name="com.opencellsoft.testng.tests.custommercare.TestCreatingNewCustomer" tests="1" time="26.643" ignored="4" failures="0" timestamp="04 juin 2018 12:14:33 GMT" skipped="0" hostname="MIFTAH" errors="0">
  <testcase name="openCreateCustomer" time="26.643" classname="com.opencellsoft.testng.tests.custommercare.TestCreatingNewCustomer"/>
  <testcase name="afterSuite" classname="com.opencellsoft.testng.tests.base.TestBase">
    <skipped/>
  </testcase> <!-- afterSuite -->
  <testcase name="beforeTest" classname="com.opencellsoft.testng.tests.base.TestBase">
    <skipped/>
  </testcase> <!-- beforeTest -->
  <testcase name="afterTest" classname="com.opencellsoft.testng.tests.base.TestBase">
    <skipped/>
  </testcase> <!-- afterTest -->
  <testcase name="beforeSuite" classname="com.opencellsoft.testng.tests.base.TestBase">
    <skipped/>
  </testcase> <!-- beforeSuite -->
</testsuite> <!-- com.opencellsoft.testng.tests.custommercare.TestCreatingNewCustomer -->
