<?xml version="1.0" encoding="UTF-8"?>
<!-- Generated by org.testng.reporters.JUnitReportReporter -->
<testsuite name="com.opencellsoft.testng.tests.selfcare.TestSelfcareInvoiceCheck" tests="2" time="6.332" ignored="0" failures="0" timestamp="24 mai 2018 11:21:07 GMT" skipped="0" hostname="MIFTAH" errors="0">
  <testcase name="testSelfcareInvoiceCheckPage" time="0.004" classname="com.opencellsoft.testng.tests.selfcare.TestSelfcareInvoiceCheck"/>
  <testcase name="TestSelfcareInvoiceCheckPage" time="6.328" classname="com.opencellsoft.testng.tests.selfcare.TestSelfcareInvoiceCheck"/>
</testsuite> <!-- com.opencellsoft.testng.tests.selfcare.TestSelfcareInvoiceCheck -->
