<?xml version="1.0" encoding="UTF-8"?>
<!-- Generated by org.testng.reporters.JUnitReportReporter -->
<testsuite name="com.opencellsoft.testng.tests.marketingmanager.TestSubscription" tests="1" time="22.491" ignored="0" failures="0" timestamp="30 mai 2018 11:05:44 GMT" skipped="0" hostname="MIFTAH" errors="0">
  <testcase name="testSellerPage" time="22.491" classname="com.opencellsoft.testng.tests.marketingmanager.TestSubscription"/>
</testsuite> <!-- com.opencellsoft.testng.tests.marketingmanager.TestSubscription -->
