<?xml version="1.0" encoding="UTF-8"?>
<!-- Generated by org.testng.reporters.JUnitReportReporter -->
<testsuite name="com.opencellsoft.testng.tests.custommercare.TestCreatingNewCustomerAccount" tests="1" time="55.753" ignored="20" failures="0" timestamp="25 mai 2018 12:13:07 GMT" skipped="0" hostname="MIFTAH" errors="0">
  <testcase name="testCreateCustomerAccount" time="55.753" classname="com.opencellsoft.testng.tests.custommercare.TestCreatingNewCustomerAccount"/>
  <testcase name="afterSuite" classname="com.opencellsoft.testng.tests.base.TestBase">
    <skipped/>
  </testcase> <!-- afterSuite -->
  <testcase name="afterSuite" classname="com.opencellsoft.testng.tests.base.TestBase">
    <skipped/>
  </testcase> <!-- afterSuite -->
  <testcase name="afterSuite" classname="com.opencellsoft.testng.tests.base.TestBase">
    <skipped/>
  </testcase> <!-- afterSuite -->
  <testcase name="afterSuite" classname="com.opencellsoft.testng.tests.base.TestBase">
    <skipped/>
  </testcase> <!-- afterSuite -->
  <testcase name="afterSuite" classname="com.opencellsoft.testng.tests.base.TestBase">
    <skipped/>
  </testcase> <!-- afterSuite -->
  <testcase name="beforeTest" classname="com.opencellsoft.testng.tests.base.TestBase">
    <skipped/>
  </testcase> <!-- beforeTest -->
  <testcase name="beforeTest" classname="com.opencellsoft.testng.tests.base.TestBase">
    <skipped/>
  </testcase> <!-- beforeTest -->
  <testcase name="beforeTest" classname="com.opencellsoft.testng.tests.base.TestBase">
    <skipped/>
  </testcase> <!-- beforeTest -->
  <testcase name="beforeTest" classname="com.opencellsoft.testng.tests.base.TestBase">
    <skipped/>
  </testcase> <!-- beforeTest -->
  <testcase name="beforeTest" classname="com.opencellsoft.testng.tests.base.TestBase">
    <skipped/>
  </testcase> <!-- beforeTest -->
  <testcase name="afterTest" classname="com.opencellsoft.testng.tests.base.TestBase">
    <skipped/>
  </testcase> <!-- afterTest -->
  <testcase name="afterTest" classname="com.opencellsoft.testng.tests.base.TestBase">
    <skipped/>
  </testcase> <!-- afterTest -->
  <testcase name="afterTest" classname="com.opencellsoft.testng.tests.base.TestBase">
    <skipped/>
  </testcase> <!-- afterTest -->
  <testcase name="afterTest" classname="com.opencellsoft.testng.tests.base.TestBase">
    <skipped/>
  </testcase> <!-- afterTest -->
  <testcase name="afterTest" classname="com.opencellsoft.testng.tests.base.TestBase">
    <skipped/>
  </testcase> <!-- afterTest -->
  <testcase name="beforeSuite" classname="com.opencellsoft.testng.tests.base.TestBase">
    <skipped/>
  </testcase> <!-- beforeSuite -->
  <testcase name="beforeSuite" classname="com.opencellsoft.testng.tests.base.TestBase">
    <skipped/>
  </testcase> <!-- beforeSuite -->
  <testcase name="beforeSuite" classname="com.opencellsoft.testng.tests.base.TestBase">
    <skipped/>
  </testcase> <!-- beforeSuite -->
  <testcase name="beforeSuite" classname="com.opencellsoft.testng.tests.base.TestBase">
    <skipped/>
  </testcase> <!-- beforeSuite -->
  <testcase name="beforeSuite" classname="com.opencellsoft.testng.tests.base.TestBase">
    <skipped/>
  </testcase> <!-- beforeSuite -->
</testsuite> <!-- com.opencellsoft.testng.tests.custommercare.TestCreatingNewCustomerAccount -->
