<?xml version="1.0" encoding="UTF-8"?>
<!-- Generated by org.testng.reporters.JUnitReportReporter -->
<testsuite name="com.opencellsoft.testng.tests.selfcare.TestRegister" tests="2" time="0.004" ignored="0" failures="0" timestamp="28 mai 2018 16:09:15 GMT" skipped="1" hostname="MIFTAH" errors="1">
  <testcase name="TestRegisterPage" time="0.004" classname="com.opencellsoft.testng.tests.selfcare.TestRegister">
    <skipped/>
  </testcase> <!-- TestRegisterPage -->
  <testcase name="beforeSuite" time="0.000" classname="com.opencellsoft.testng.tests.selfcare.TestRegister">
    <error type="org.testng.TestNGException" message="
Parameter &#039;language&#039; is required by BeforeSuite on method beforeSuite but has not been marked @Optional or defined
in C:\Users\ADMIN\AppData\Local\Temp\testng-eclipse-2044646571\testng-customsuite.xml">
      <![CDATA[org.testng.TestNGException: 
Parameter 'language' is required by BeforeSuite on method beforeSuite but has not been marked @Optional or defined
in C:\Users\ADMIN\AppData\Local\Temp\testng-eclipse-2044646571\testng-customsuite.xml
	at org.testng.internal.Parameters.createParameters(Parameters.java:199)
	at org.testng.internal.Parameters.createParameters(Parameters.java:443)
	at org.testng.internal.Parameters.createConfigurationParameters(Parameters.java:118)
	at org.testng.internal.Invoker.invokeConfigurations(Invoker.java:203)
	at org.testng.internal.Invoker.invokeConfigurations(Invoker.java:144)
	at org.testng.SuiteRunner.privateRun(SuiteRunner.java:326)
	at org.testng.SuiteRunner.run(SuiteRunner.java:289)
	at org.testng.SuiteRunnerWorker.runSuite(SuiteRunnerWorker.java:52)
	at org.testng.SuiteRunnerWorker.run(SuiteRunnerWorker.java:86)
	at org.testng.TestNG.runSuitesSequentially(TestNG.java:1293)
	at org.testng.TestNG.runSuitesLocally(TestNG.java:1218)
	at org.testng.TestNG.runSuites(TestNG.java:1133)
	at org.testng.TestNG.run(TestNG.java:1104)
	at org.testng.remote.AbstractRemoteTestNG.run(AbstractRemoteTestNG.java:114)
	at org.testng.remote.RemoteTestNG.initAndRun(RemoteTestNG.java:251)
	at org.testng.remote.RemoteTestNG.main(RemoteTestNG.java:77)
]]>
    </error>
  </testcase> <!-- beforeSuite -->
</testsuite> <!-- com.opencellsoft.testng.tests.selfcare.TestRegister -->
