<?xml version="1.0" encoding="UTF-8"?>
<testng-results skipped="0" failed="0" ignored="4" total="7" passed="3">
  <reporter-output>
  </reporter-output>
  <suite name="TestAll" duration-ms="69997" started-at="2018-06-04T12:13:22Z" finished-at="2018-06-04T12:14:32Z">
    <groups>
    </groups>
    <test name="Login" duration-ms="14047" started-at="2018-06-04T12:13:22Z" finished-at="2018-06-04T12:13:36Z">
      <class name="com.opencellsoft.testng.tests.custommercare.TestCCLoginKC">
        <test-method status="PASS" signature="beforeTest()[pri:0, instance:com.opencellsoft.testng.tests.custommercare.TestCCLoginKC@71075444]" name="beforeTest" is-config="true" duration-ms="0" started-at="2018-06-04T14:13:22Z" finished-at="2018-06-04T14:13:22Z">
          <reporter-output>
          </reporter-output>
        </test-method> <!-- beforeTest -->
        <test-method status="PASS" signature="login()[pri:0, instance:com.opencellsoft.testng.tests.custommercare.TestCCLoginKC@71075444]" name="login" duration-ms="13528" started-at="2018-06-04T14:13:22Z" finished-at="2018-06-04T14:13:36Z">
          <reporter-output>
          </reporter-output>
        </test-method> <!-- login -->
        <test-method status="PASS" signature="beforeMethod()[pri:0, instance:com.opencellsoft.testng.tests.custommercare.TestCCLoginKC@71075444]" name="beforeMethod" is-config="true" duration-ms="0" started-at="2018-06-04T14:13:22Z" finished-at="2018-06-04T14:13:22Z">
          <reporter-output>
          </reporter-output>
        </test-method> <!-- beforeMethod -->
        <test-method status="PASS" signature="afterMethod()[pri:0, instance:com.opencellsoft.testng.tests.custommercare.TestCCLoginKC@71075444]" name="afterMethod" is-config="true" duration-ms="0" started-at="2018-06-04T14:13:36Z" finished-at="2018-06-04T14:13:36Z">
          <reporter-output>
          </reporter-output>
        </test-method> <!-- afterMethod -->
        <test-method status="PASS" signature="afterTest()[pri:0, instance:com.opencellsoft.testng.tests.custommercare.TestCCLoginKC@71075444]" name="afterTest" is-config="true" duration-ms="501" started-at="2018-06-04T14:13:36Z" finished-at="2018-06-04T14:13:36Z">
          <reporter-output>
          </reporter-output>
        </test-method> <!-- afterTest -->
      </class> <!-- com.opencellsoft.testng.tests.custommercare.TestCCLoginKC -->
    </test> <!-- Login -->
    <test name="users" duration-ms="55912" started-at="2018-06-04T12:13:36Z" finished-at="2018-06-04T12:14:32Z">
      <class name="com.opencellsoft.testng.tests.custommercare.TestCreatingNewCustomer">
        <test-method status="PASS" signature="beforeMethod()[pri:0, instance:com.opencellsoft.testng.tests.custommercare.TestCreatingNewCustomer@17bffc17]" name="beforeMethod" is-config="true" duration-ms="1" started-at="2018-06-04T14:14:05Z" finished-at="2018-06-04T14:14:05Z">
          <reporter-output>
          </reporter-output>
        </test-method> <!-- beforeMethod -->
        <test-method status="PASS" signature="openCreateCustomer()[pri:0, instance:com.opencellsoft.testng.tests.custommercare.TestCreatingNewCustomer@17bffc17]" name="openCreateCustomer" duration-ms="26642" started-at="2018-06-04T14:14:05Z" finished-at="2018-06-04T14:14:32Z">
          <reporter-output>
          </reporter-output>
        </test-method> <!-- openCreateCustomer -->
        <test-method status="PASS" signature="afterMethod()[pri:0, instance:com.opencellsoft.testng.tests.custommercare.TestCreatingNewCustomer@17bffc17]" name="afterMethod" is-config="true" duration-ms="0" started-at="2018-06-04T14:14:32Z" finished-at="2018-06-04T14:14:32Z">
          <reporter-output>
          </reporter-output>
        </test-method> <!-- afterMethod -->
      </class> <!-- com.opencellsoft.testng.tests.custommercare.TestCreatingNewCustomer -->
      <class name="com.opencellsoft.testng.tests.custommercare.TestSellersCC">
        <test-method status="PASS" signature="beforeSuite(java.lang.String)[pri:0, instance:com.opencellsoft.testng.tests.custommercare.TestSellersCC@3cce5371]" name="beforeSuite" is-config="true" duration-ms="9" started-at="2018-06-04T14:13:22Z" finished-at="2018-06-04T14:13:22Z">
          <params>
            <param index="0">
              <value>
                <![CDATA[fr]]>
              </value>
            </param>
          </params>
          <reporter-output>
          </reporter-output>
        </test-method> <!-- beforeSuite -->
        <test-method status="PASS" signature="beforeTest()[pri:0, instance:com.opencellsoft.testng.tests.custommercare.TestSellersCC@3cce5371]" name="beforeTest" is-config="true" duration-ms="0" started-at="2018-06-04T14:13:36Z" finished-at="2018-06-04T14:13:36Z">
          <reporter-output>
          </reporter-output>
        </test-method> <!-- beforeTest -->
        <test-method status="PASS" signature="testSellersCCPage()[pri:0, instance:com.opencellsoft.testng.tests.custommercare.TestSellersCC@3cce5371]" name="testSellersCCPage" duration-ms="28750" started-at="2018-06-04T14:13:36Z" finished-at="2018-06-04T14:14:05Z">
          <reporter-output>
          </reporter-output>
        </test-method> <!-- testSellersCCPage -->
        <test-method status="PASS" signature="beforeMethod()[pri:0, instance:com.opencellsoft.testng.tests.custommercare.TestSellersCC@3cce5371]" name="beforeMethod" is-config="true" duration-ms="0" started-at="2018-06-04T14:13:36Z" finished-at="2018-06-04T14:13:36Z">
          <reporter-output>
          </reporter-output>
        </test-method> <!-- beforeMethod -->
        <test-method status="PASS" signature="afterMethod()[pri:0, instance:com.opencellsoft.testng.tests.custommercare.TestSellersCC@3cce5371]" name="afterMethod" is-config="true" duration-ms="1" started-at="2018-06-04T14:14:05Z" finished-at="2018-06-04T14:14:05Z">
          <reporter-output>
          </reporter-output>
        </test-method> <!-- afterMethod -->
        <test-method status="PASS" signature="afterTest()[pri:0, instance:com.opencellsoft.testng.tests.custommercare.TestSellersCC@3cce5371]" name="afterTest" is-config="true" duration-ms="501" started-at="2018-06-04T14:14:32Z" finished-at="2018-06-04T14:14:32Z">
          <reporter-output>
          </reporter-output>
        </test-method> <!-- afterTest -->
        <test-method status="PASS" signature="afterSuite()[pri:0, instance:com.opencellsoft.testng.tests.custommercare.TestSellersCC@3cce5371]" name="afterSuite" is-config="true" duration-ms="318" started-at="2018-06-04T14:14:32Z" finished-at="2018-06-04T14:14:32Z">
          <reporter-output>
          </reporter-output>
        </test-method> <!-- afterSuite -->
      </class> <!-- com.opencellsoft.testng.tests.custommercare.TestSellersCC -->
    </test> <!-- users -->
  </suite> <!-- TestAll -->
</testng-results>
