<?xml version="1.0" encoding="UTF-8"?>
<!-- Generated by org.testng.reporters.JUnitXMLReporter -->
<testsuite hostname="MIFTAH" ignored="4" name="users" tests="2" failures="0" timestamp="04 juin 2018 12:14:32 GMT" time="55.912" errors="0">
  <testcase name="testSellersCCPage" time="28.75" classname="com.opencellsoft.testng.tests.custommercare.TestSellersCC"/>
  <testcase name="openCreateCustomer" time="26.642" classname="com.opencellsoft.testng.tests.custommercare.TestCreatingNewCustomer"/>
  <testcase name="@AfterSuite afterSuite" time="0.0" classname="com.opencellsoft.testng.tests.base.TestBase">
    <ignored/>
  </testcase> <!-- @AfterSuite afterSuite -->
  <testcase name="@BeforeTest beforeTest" time="0.0" classname="com.opencellsoft.testng.tests.base.TestBase">
    <ignored/>
  </testcase> <!-- @BeforeTest beforeTest -->
  <testcase name="@AfterTest afterTest" time="0.0" classname="com.opencellsoft.testng.tests.base.TestBase">
    <ignored/>
  </testcase> <!-- @AfterTest afterTest -->
  <testcase name="@BeforeSuite beforeSuite" time="0.0" classname="com.opencellsoft.testng.tests.base.TestBase">
    <ignored/>
  </testcase> <!-- @BeforeSuite beforeSuite -->
</testsuite> <!-- users -->
